#
# There is insufficient memory for the Java Runtime Environment to continue.
# Native memory allocation (mmap) failed to map 536870912 bytes for Failed to commit area from 0x0000000601c00000 to 0x0000000621c00000 of length 536870912.
# Possible reasons:
#   The system is out of physical RAM or swap space
#   The process is running with CompressedOops enabled, and the Java Heap may be blocking the growth of the native heap
# Possible solutions:
#   Reduce memory load on the system
#   Increase physical memory or swap space
#   Check if swap backing store is full
#   Decrease Java heap size (-Xmx/-Xms)
#   Decrease number of Java threads
#   Decrease Java thread stack sizes (-Xss)
#   Set larger code cache with -XX:ReservedCodeCacheSize=
# This output file may be truncated or incomplete.
#
#  Out of Memory Error (./src/hotspot/os/windows/os_windows.cpp:3303), pid=28088, tid=19692
#
# JRE version:  (11.0.9.1+11) (build )
# Java VM: OpenJDK 64-Bit Server VM (11.0.9.1+11-b1145.63, mixed mode, sharing, tiered, compressed oops, g1 gc, windows-amd64)
# No core dump will be written. Minidumps are not enabled by default on client versions of Windows
#

---------------  S U M M A R Y ------------

Command Line: org.jetbrains.git4idea.http.GitAskPassApp Username for 'https://github.com': 

Host: Intel(R) Core(TM) i7-6700HQ CPU @ 2.60GHz, 8 cores, 31G,  Windows 10 , 64 bit Build 19041 (10.0.19041.804)
Time: Thu Mar 11 12:18:00 2021 Pacific Standard Time elapsed time: 0.067010 seconds (0d 0h 0m 0s)

---------------  T H R E A D  ---------------

Current thread (0x000001fc323e0000):  JavaThread "Unknown thread" [_thread_in_vm, id=19692, stack(0x00000091de400000,0x00000091de500000)]

Stack: [0x00000091de400000,0x00000091de500000]
Native frames: (J=compiled Java code, j=interpreted, Vv=VM code, C=native code)
V  [jvm.dll+0x5edd9a]
V  [jvm.dll+0x7229c5]
V  [jvm.dll+0x723f1d]
V  [jvm.dll+0x7245d3]
V  [jvm.dll+0x2431b8]
V  [jvm.dll+0x5eb234]
V  [jvm.dll+0x5e0325]
V  [jvm.dll+0x2fe60b]
V  [jvm.dll+0x2fe57a]
V  [jvm.dll+0x2fe452]
V  [jvm.dll+0x303346]
V  [jvm.dll+0x34ba83]
V  [jvm.dll+0x34c186]
V  [jvm.dll+0x34bb83]
V  [jvm.dll+0x2d9218]
V  [jvm.dll+0x2da3c7]
V  [jvm.dll+0x701a67]
V  [jvm.dll+0x70325c]
V  [jvm.dll+0x359049]
V  [jvm.dll+0x6e552e]
V  [jvm.dll+0x3c1353]
V  [jvm.dll+0x3c3571]
C  [jli.dll+0x5373]
C  [ucrtbase.dll+0x21bb2]
C  [KERNEL32.DLL+0x17034]
C  [ntdll.dll+0x4d241]


---------------  P R O C E S S  ---------------

Threads class SMR info:
_java_thread_list=0x000001fc302234e0, length=0, elements={
}

Java Threads: ( => current thread )

Other Threads:
  0x000001fc323f7000 GCTaskThread "GC Thread#0" [stack: 0x00000091de500000,0x00000091de600000] [id=4172]
  0x000001fc32478800 ConcurrentGCThread "G1 Main Marker" [stack: 0x00000091de600000,0x00000091de700000] [id=27412]
  0x000001fc3247a000 ConcurrentGCThread "G1 Conc#0" [stack: 0x00000091de700000,0x00000091de800000] [id=24556]

[error occurred during error reporting (printing all threads), id 0xc0000005, EXCEPTION_ACCESS_VIOLATION (0xc0000005) at pc=0x00007fff174e9807]

VM state:not at safepoint (not fully initialized)

VM Mutex/Monitor currently owned by a thread:  ([mutex/lock_event])
[0x000001fc323da9b0] Heap_lock - owner thread: 0x000001fc323e0000

Heap address: 0x0000000601c00000, size: 8164 MB, Compressed Oops mode: Non-zero based: 0x0000000601c00000
Narrow klass base: 0x0000000000000000, Narrow klass shift: 0

GC Heap History (0 events):
No events

Deoptimization events (0 events):
No events

Classes redefined (0 events):
No events

Internal exceptions (0 events):
No events

Events (1 events):
Event: 0.011 Loaded shared library D:\Program Files (x86)\JetBrains\IntelliJ IDEA Community Edition 2020.3.1\jbr\bin\zip.dll


Dynamic libraries:
0x00007ff736a90000 - 0x00007ff736a9a000 	D:\Program Files (x86)\JetBrains\IntelliJ IDEA Community Edition 2020.3.1\jbr\bin\java.exe
0x00007fff805f0000 - 0x00007fff807e6000 	C:\WINDOWS\SYSTEM32\ntdll.dll
0x00007fff80360000 - 0x00007fff8041d000 	C:\WINDOWS\System32\KERNEL32.DLL
0x00007fff7e050000 - 0x00007fff7e319000 	C:\WINDOWS\System32\KERNELBASE.dll
0x00007fff7e4b0000 - 0x00007fff7e5b0000 	C:\WINDOWS\System32\ucrtbase.dll
0x00007fff679a0000 - 0x00007fff679b7000 	D:\Program Files (x86)\JetBrains\IntelliJ IDEA Community Edition 2020.3.1\jbr\bin\VCRUNTIME140.dll
0x00007fff67900000 - 0x00007fff67919000 	D:\Program Files (x86)\JetBrains\IntelliJ IDEA Community Edition 2020.3.1\jbr\bin\jli.dll
0x00007fff801b0000 - 0x00007fff80350000 	C:\WINDOWS\System32\USER32.dll
0x00007fff694a0000 - 0x00007fff6973b000 	C:\WINDOWS\WinSxS\amd64_microsoft.windows.common-controls_6595b64144ccf1df_6.0.19041.746_none_ca02b4b61b8320a4\COMCTL32.dll
0x00007fff7def0000 - 0x00007fff7df12000 	C:\WINDOWS\System32\win32u.dll
0x00007fff7f080000 - 0x00007fff7f11e000 	C:\WINDOWS\System32\msvcrt.dll
0x00007fff7e9f0000 - 0x00007fff7ea1a000 	C:\WINDOWS\System32\GDI32.dll
0x00007fff7dde0000 - 0x00007fff7deeb000 	C:\WINDOWS\System32\gdi32full.dll
0x00007fff7e5b0000 - 0x00007fff7e64d000 	C:\WINDOWS\System32\msvcp_win.dll
0x00007fff7ebb0000 - 0x00007fff7ebe0000 	C:\WINDOWS\System32\IMM32.DLL
0x00007fff41680000 - 0x00007fff4171d000 	D:\Program Files (x86)\JetBrains\IntelliJ IDEA Community Edition 2020.3.1\jbr\bin\msvcp140.dll
0x00007fff17200000 - 0x00007fff17cce000 	D:\Program Files (x86)\JetBrains\IntelliJ IDEA Community Edition 2020.3.1\jbr\bin\server\jvm.dll
0x00007fff7ef60000 - 0x00007fff7f00c000 	C:\WINDOWS\System32\ADVAPI32.dll
0x00007fff7ea80000 - 0x00007fff7eb1c000 	C:\WINDOWS\System32\sechost.dll
0x00007fff7e800000 - 0x00007fff7e92b000 	C:\WINDOWS\System32\RPCRT4.dll
0x00007fff80350000 - 0x00007fff80358000 	C:\WINDOWS\System32\PSAPI.DLL
0x00007fff6be60000 - 0x00007fff6be87000 	C:\WINDOWS\SYSTEM32\WINMM.dll
0x00007fff64fa0000 - 0x00007fff64fa9000 	C:\WINDOWS\SYSTEM32\WSOCK32.dll
0x00007fff7cbd0000 - 0x00007fff7cbda000 	C:\WINDOWS\SYSTEM32\VERSION.dll
0x00007fff7f010000 - 0x00007fff7f07b000 	C:\WINDOWS\System32\WS2_32.dll
0x00007fff7cb90000 - 0x00007fff7cba2000 	C:\WINDOWS\SYSTEM32\kernel.appcore.dll
0x00007fff79620000 - 0x00007fff79631000 	D:\Program Files (x86)\JetBrains\IntelliJ IDEA Community Edition 2020.3.1\jbr\bin\verify.dll
0x00007fff7b940000 - 0x00007fff7bb24000 	C:\WINDOWS\SYSTEM32\DBGHELP.DLL
0x00007fff64ac0000 - 0x00007fff64aec000 	C:\WINDOWS\SYSTEM32\dbgcore.DLL
0x00007fff7df20000 - 0x00007fff7dfa0000 	C:\WINDOWS\System32\bcryptPrimitives.dll
0x00007fff6ae30000 - 0x00007fff6ae59000 	D:\Program Files (x86)\JetBrains\IntelliJ IDEA Community Edition 2020.3.1\jbr\bin\java.dll
0x00007fff78880000 - 0x00007fff7888b000 	D:\Program Files (x86)\JetBrains\IntelliJ IDEA Community Edition 2020.3.1\jbr\bin\jimage.dll
0x00007fff72050000 - 0x00007fff72068000 	D:\Program Files (x86)\JetBrains\IntelliJ IDEA Community Edition 2020.3.1\jbr\bin\zip.dll

dbghelp: loaded successfully - version: 4.0.5 - missing functions: none
symbol engine: initialized successfully - sym options: 0x614 - pdb path: .;D:\Program Files (x86)\JetBrains\IntelliJ IDEA Community Edition 2020.3.1\jbr\bin;C:\WINDOWS\SYSTEM32;C:\WINDOWS\WinSxS\amd64_microsoft.windows.common-controls_6595b64144ccf1df_6.0.19041.746_none_ca02b4b61b8320a4;D:\Program Files (x86)\JetBrains\IntelliJ IDEA Community Edition 2020.3.1\jbr\bin\server

VM Arguments:
java_command: org.jetbrains.git4idea.http.GitAskPassApp Username for 'https://github.com': 
java_class_path (initial): D:/Program Files (x86)/JetBrains/IntelliJ IDEA Community Edition 2020.3.1/plugins/git4idea/lib/git4idea-rt.jar;D:/Program Files (x86)/JetBrains/IntelliJ IDEA Community Edition 2020.3.1/lib/xmlrpc-2.0.1.jar;D:/Program Files (x86)/JetBrains/IntelliJ IDEA Community Edition 2020.3.1/lib/commons-codec-1.14.jar
Launcher Type: SUN_STANDARD

[Global flags]
     intx CICompilerCount                          = 4                                         {product} {ergonomic}
     uint ConcGCThreads                            = 2                                         {product} {ergonomic}
     uint G1ConcRefinementThreads                  = 8                                         {product} {ergonomic}
   size_t G1HeapRegionSize                         = 2097152                                   {product} {ergonomic}
    uintx GCDrainStackTargetSize                   = 64                                        {product} {ergonomic}
   size_t InitialHeapSize                          = 536870912                                 {product} {ergonomic}
   size_t MarkStackSize                            = 4194304                                   {product} {ergonomic}
   size_t MaxHeapSize                              = 8560574464                                {product} {ergonomic}
   size_t MinHeapDeltaBytes                        = 2097152                                   {product} {ergonomic}
    uintx NonNMethodCodeHeapSize                   = 5836300                                {pd product} {ergonomic}
    uintx NonProfiledCodeHeapSize                  = 122910970                              {pd product} {ergonomic}
    uintx ProfiledCodeHeapSize                     = 122910970                              {pd product} {ergonomic}
    uintx ReservedCodeCacheSize                    = 251658240                              {pd product} {ergonomic}
     bool SegmentedCodeCache                       = true                                      {product} {ergonomic}
     bool UseCompressedClassPointers               = true                                 {lp64_product} {ergonomic}
     bool UseCompressedOops                        = true                                 {lp64_product} {ergonomic}
     bool UseG1GC                                  = true                                      {product} {ergonomic}
     bool UseLargePagesIndividualAllocation        = false                                  {pd product} {ergonomic}

Logging:
Log output configuration:
 #0: stdout all=warning uptime,level,tags
 #1: stderr all=off uptime,level,tags

Environment Variables:
JAVA_HOME=C:\Program Files\Java\jdk-14.0.2
PATH=D:\Git\mingw64\libexec\git-core;D:\Git\mingw64\bin;D:\Git\usr\bin;C:\Users\slowr\bin;C:\Python39\Scripts;C:\Python39;C:\Program Files (x86)\Common Files\Oracle\Java\javapath;C:\Program Files\Common Files\Oracle\Java\javapath;C:\Program Files (x86)\Razer\ChromaBroadcast\bin;C:\Program Files\Razer\ChromaBroadcast\bin;C:\Program Files (x86)\Common Files\Intel\Shared Libraries\redist\intel64\compiler;C:\Program Files (x86)\Razer Chroma SDK\bin;C:\Program Files\Razer Chroma SDK\bin;C:\ProgramData\Oracle\Java\javapath;C:\Program Files (x86)\Intel\iCLS Client;C:\Program Files\Intel\iCLS Client;C:\Windows\system32;C:\Windows;C:\Windows\System32\Wbem;C:\Windows\System32\WindowsPowerShell\v1.0;C:\Program Files (x86)\NVIDIA Corporation\PhysX\Common;C:\Program Files (x86)\Intel\Intel(R) Management Engine Components\DAL;C:\Program Files\Intel\Intel(R) Management Engine Components\DAL;C:\Program Files (x86)\Intel\Intel(R) Management Engine Components\IPT;C:\Program Files\Intel\Intel(R) Management Engine Components\IPT;C:\WINDOWS\system32;C:\WINDOWS;C:\WINDOWS\System32\Wbem;C:\WINDOWS\System32\WindowsPowerShell\v1.0;C:\Program Files\Microsoft SQL Server\130\Tools\Binn;C:\Program Files\Intel\WiFi\bin;C:\Program Files\Common Files\Intel\WirelessCommon;C:\WINDOWS\System32\OpenSSH;C:\WINDOWS\system32\config\systemprofile\AppData\Local\Microsoft\WindowsApps;C:\Program Files\NVIDIA Corporation\NVIDIA NvDLISR;C:\Go\bin;D:\PuTTY;D:\Git\cmd;C:\Users\slowr\AppData\Local\Programs\Python\Python37-32\Scripts;C:\Users\slowr\AppData\Local\Programs\Python\Python37-32;C:\Users\slowr\AppData\Local\Microsoft\WindowsApps;C:\Users\slowr\AppData\Roaming\npm;C:\Users\slowr\AppData\Local\GitHubDesktop\bin;D:\Microsoft VS Code\bin;C:\Users\slowr\go\bin;D:\Program Files (x86)\Docker Toolbox;C:\Program Files\Java\jdk-14.0.2\bin;C:\Program Files\apache-maven-3.6.3\bin;C:\WINDOWS\system32;C:\WINDOWS;C:\WINDOWS\System32\Wbem;C:\WINDOWS\System32\WindowsPowerShell\v1.0;C:\WINDOWS\System32\OpenSSH;C:\Program Fi
USERNAME=slowr
DISPLAY=:0.0
LC_ALL=en_US.UTF-8
OS=Windows_NT
PROCESSOR_IDENTIFIER=Intel64 Family 6 Model 94 Stepping 3, GenuineIntel



---------------  S Y S T E M  ---------------

OS: Windows 10 , 64 bit Build 19041 (10.0.19041.804)
OS uptime: 9 days 21:12 hours
HyperV virtualization detected

CPU:total 8 (initial active 8) (4 cores per cpu, 2 threads per core) family 6 model 94 stepping 3, cmov, cx8, fxsr, mmx, sse, sse2, sse3, ssse3, sse4.1, sse4.2, popcnt, avx, avx2, aes, clmul, erms, rtm, 3dnowpref, lzcnt, ht, tsc, tscinvbit, bmi1, bmi2, adx, fma

Memory: 4k page, system-wide physical 32653M (7651M free)
TotalPageFile size 43557M (AvailPageFile size 500M)
current process WorkingSet (physical memory assigned to process): 10M, peak: 10M
current process commit charge ("private bytes"): 60M, peak: 572M

vm_info: OpenJDK 64-Bit Server VM (11.0.9.1+11-b1145.63) for windows-amd64 JRE (11.0.9.1+11-b1145.63), built on Dec 21 2020 13:58:54 by "" with MS VC++ 14.0 (VS2015)

END.
